TpTrace Verbose: 0 : 5216, 1, 2022/05/24, 01:40:24.530, 8624575482105, vstest.console.dll, Version: 16.10.0-release-20210511-06
TpTrace Information: 0 : 5216, 1, 2022/05/24, 01:40:24.551, 8624575680423, vstest.console.dll, FilePatternParser: The given file C:\Users\eldar\Desktop\КПиПП\Lab\TestStackToArray\bin\Debug\netcoreapp3.1\fine-code-coverage\build-output\TestStackToArray.dll is a full path.
TpTrace Verbose: 0 : 5216, 1, 2022/05/24, 01:40:24.570, 8624575871487, vstest.console.dll, TestPluginCache.DiscoverTestExtensions: finding test extensions in assemblies ends with: RuntimeProvider.dll TPluginInfo: Microsoft.VisualStudio.TestPlatform.Common.ExtensionFramework.Utilities.TestRuntimePluginInformation TExtension: Microsoft.VisualStudio.TestPlatform.ObjectModel.Host.ITestRuntimeProvider
TpTrace Verbose: 0 : 5216, 1, 2022/05/24, 01:40:24.570, 8624575875994, vstest.console.dll, TestPluginCache.GetExtensionPaths: Filtered extension paths: 
TpTrace Verbose: 0 : 5216, 1, 2022/05/24, 01:40:24.570, 8624575876917, vstest.console.dll, TestPluginCache.GetExtensionPaths: Added default extension paths: C:\Program Files\dotnet\sdk\5.0.300\Extensions\Microsoft.Diagnostics.NETCore.Client.dll
C:\Program Files\dotnet\sdk\5.0.300\Extensions\Microsoft.TestPlatform.Extensions.BlameDataCollector.dll
C:\Program Files\dotnet\sdk\5.0.300\Extensions\Microsoft.TestPlatform.Extensions.EventLogCollector.dll
C:\Program Files\dotnet\sdk\5.0.300\Extensions\Microsoft.TestPlatform.TestHostRuntimeProvider.dll
C:\Program Files\dotnet\sdk\5.0.300\Extensions\Microsoft.VisualStudio.TestPlatform.Extensions.Html.TestLogger.dll
C:\Program Files\dotnet\sdk\5.0.300\Extensions\Microsoft.VisualStudio.TestPlatform.Extensions.Trx.TestLogger.dll
TpTrace Verbose: 0 : 5216, 1, 2022/05/24, 01:40:24.570, 8624575877279, vstest.console.dll, TestPluginCache.GetExtensionPaths: Added unfilterableExtensionPaths: 
TpTrace Information: 0 : 5216, 1, 2022/05/24, 01:40:24.571, 8624575885143, vstest.console.dll, AssemblyResolver.ctor: Creating AssemblyResolver with searchDirectories C:\Program Files\dotnet\sdk\5.0.300\Extensions,C:\Program Files\dotnet\sdk\5.0.300
TpTrace Verbose: 0 : 5216, 1, 2022/05/24, 01:40:24.573, 8624575902323, vstest.console.dll, TestPluginCache.DiscoverTestExtensions: Discovering the extensions using extension path.
TpTrace Verbose: 0 : 5216, 1, 2022/05/24, 01:40:24.573, 8624575904181, vstest.console.dll, TestPluginCache.GetExtensionPaths: Filtered extension paths: 
TpTrace Verbose: 0 : 5216, 1, 2022/05/24, 01:40:24.573, 8624575904624, vstest.console.dll, TestPluginCache.GetExtensionPaths: Added default extension paths: C:\Program Files\dotnet\sdk\5.0.300\Extensions\Microsoft.Diagnostics.NETCore.Client.dll
C:\Program Files\dotnet\sdk\5.0.300\Extensions\Microsoft.TestPlatform.Extensions.BlameDataCollector.dll
C:\Program Files\dotnet\sdk\5.0.300\Extensions\Microsoft.TestPlatform.Extensions.EventLogCollector.dll
C:\Program Files\dotnet\sdk\5.0.300\Extensions\Microsoft.TestPlatform.TestHostRuntimeProvider.dll
C:\Program Files\dotnet\sdk\5.0.300\Extensions\Microsoft.VisualStudio.TestPlatform.Extensions.Html.TestLogger.dll
C:\Program Files\dotnet\sdk\5.0.300\Extensions\Microsoft.VisualStudio.TestPlatform.Extensions.Trx.TestLogger.dll
TpTrace Verbose: 0 : 5216, 1, 2022/05/24, 01:40:24.573, 8624575905255, vstest.console.dll, TestPluginCache.GetExtensionPaths: Added unfilterableExtensionPaths: 
TpTrace Verbose: 0 : 5216, 1, 2022/05/24, 01:40:24.573, 8624575906057, vstest.console.dll, TestPluginCache.DiscoverTestExtensions: Discovering the extensions using allExtensionPaths: C:\Program Files\dotnet\sdk\5.0.300\Extensions\Microsoft.Diagnostics.NETCore.Client.dll
C:\Program Files\dotnet\sdk\5.0.300\Extensions\Microsoft.TestPlatform.Extensions.BlameDataCollector.dll
C:\Program Files\dotnet\sdk\5.0.300\Extensions\Microsoft.TestPlatform.Extensions.EventLogCollector.dll
C:\Program Files\dotnet\sdk\5.0.300\Extensions\Microsoft.TestPlatform.TestHostRuntimeProvider.dll
C:\Program Files\dotnet\sdk\5.0.300\Extensions\Microsoft.VisualStudio.TestPlatform.Extensions.Html.TestLogger.dll
C:\Program Files\dotnet\sdk\5.0.300\Extensions\Microsoft.VisualStudio.TestPlatform.Extensions.Trx.TestLogger.dll
TpTrace Information: 0 : 5216, 1, 2022/05/24, 01:40:24.574, 8624575907986, vstest.console.dll, AssemblyResolver.AddSearchDirectories: Adding more searchDirectories C:\Program Files\dotnet\sdk\5.0.300\Extensions,C:\Program Files\dotnet\sdk\5.0.300
TpTrace Information: 0 : 5216, 1, 2022/05/24, 01:40:24.574, 8624575908674, vstest.console.dll, AssemblyResolver.AddSearchDirectories: Adding more searchDirectories C:\Program Files\dotnet\sdk\5.0.300\Extensions,C:\Program Files\dotnet\sdk\5.0.300
TpTrace Information: 0 : 5216, 1, 2022/05/24, 01:40:24.574, 8624575909052, vstest.console.dll, AssemblyResolver.AddSearchDirectories: Adding more searchDirectories C:\Program Files\dotnet\sdk\5.0.300\Extensions,C:\Program Files\dotnet\sdk\5.0.300
TpTrace Information: 0 : 5216, 1, 2022/05/24, 01:40:24.574, 8624575909393, vstest.console.dll, AssemblyResolver.AddSearchDirectories: Adding more searchDirectories C:\Program Files\dotnet\sdk\5.0.300\Extensions,C:\Program Files\dotnet\sdk\5.0.300
TpTrace Information: 0 : 5216, 1, 2022/05/24, 01:40:24.574, 8624575909683, vstest.console.dll, AssemblyResolver.AddSearchDirectories: Adding more searchDirectories C:\Program Files\dotnet\sdk\5.0.300\Extensions,C:\Program Files\dotnet\sdk\5.0.300
TpTrace Information: 0 : 5216, 1, 2022/05/24, 01:40:24.574, 8624575909959, vstest.console.dll, AssemblyResolver.AddSearchDirectories: Adding more searchDirectories C:\Program Files\dotnet\sdk\5.0.300\Extensions,C:\Program Files\dotnet\sdk\5.0.300
TpTrace Information: 0 : 5216, 1, 2022/05/24, 01:40:24.574, 8624575913686, vstest.console.dll, AssemblyResolver.OnResolve: Microsoft.Diagnostics.NETCore.Client: Resolving assembly.
TpTrace Information: 0 : 5216, 1, 2022/05/24, 01:40:24.574, 8624575914269, vstest.console.dll, AssemblyResolver.OnResolve: Microsoft.Diagnostics.NETCore.Client: Searching in: 'C:\Program Files\dotnet\sdk\5.0.300\Extensions'.
TpTrace Information: 0 : 5216, 1, 2022/05/24, 01:40:24.575, 8624575927531, vstest.console.dll, AssemblyResolver.OnResolve: Microsoft.Diagnostics.NETCore.Client: Loading assembly 'C:\Program Files\dotnet\sdk\5.0.300\Extensions\Microsoft.Diagnostics.NETCore.Client.dll'.
TpTrace Information: 0 : 5216, 1, 2022/05/24, 01:40:24.577, 8624575942296, vstest.console.dll, AssemblyResolver.OnResolve: Resolved assembly: Microsoft.Diagnostics.NETCore.Client, from path: C:\Program Files\dotnet\sdk\5.0.300\Extensions\Microsoft.Diagnostics.NETCore.Client.dll
TpTrace Information: 0 : 5216, 1, 2022/05/24, 01:40:24.581, 8624575985247, vstest.console.dll, AssemblyResolver.OnResolve: Microsoft.Bcl.AsyncInterfaces: Resolving assembly.
TpTrace Information: 0 : 5216, 1, 2022/05/24, 01:40:24.581, 8624575986765, vstest.console.dll, AssemblyResolver.OnResolve: Microsoft.Bcl.AsyncInterfaces: Searching in: 'C:\Program Files\dotnet\sdk\5.0.300\Extensions'.
TpTrace Information: 0 : 5216, 1, 2022/05/24, 01:40:24.582, 8624575988039, vstest.console.dll, AssemblyResolver.OnResolve: Microsoft.Bcl.AsyncInterfaces: Assembly path does not exist: 'C:\Program Files\dotnet\sdk\5.0.300\Extensions\Microsoft.Bcl.AsyncInterfaces.dll', returning.
TpTrace Information: 0 : 5216, 1, 2022/05/24, 01:40:24.582, 8624575989005, vstest.console.dll, AssemblyResolver.OnResolve: Microsoft.Bcl.AsyncInterfaces: Assembly path does not exist: 'C:\Program Files\dotnet\sdk\5.0.300\Extensions\Microsoft.Bcl.AsyncInterfaces.exe', returning.
TpTrace Information: 0 : 5216, 1, 2022/05/24, 01:40:24.582, 8624575989422, vstest.console.dll, AssemblyResolver.OnResolve: Microsoft.Bcl.AsyncInterfaces: Searching in: 'C:\Program Files\dotnet\sdk\5.0.300'.
TpTrace Information: 0 : 5216, 1, 2022/05/24, 01:40:24.582, 8624575990271, vstest.console.dll, AssemblyResolver.OnResolve: Microsoft.Bcl.AsyncInterfaces: Assembly path does not exist: 'C:\Program Files\dotnet\sdk\5.0.300\Microsoft.Bcl.AsyncInterfaces.dll', returning.
TpTrace Information: 0 : 5216, 1, 2022/05/24, 01:40:24.582, 8624575991009, vstest.console.dll, AssemblyResolver.OnResolve: Microsoft.Bcl.AsyncInterfaces: Assembly path does not exist: 'C:\Program Files\dotnet\sdk\5.0.300\Microsoft.Bcl.AsyncInterfaces.exe', returning.
TpTrace Information: 0 : 5216, 1, 2022/05/24, 01:40:24.582, 8624575992097, vstest.console.dll, AssemblyResolver.OnResolve: Microsoft.Bcl.AsyncInterfaces: Failed to load assembly.
TpTrace Verbose: 0 : 5216, 1, 2022/05/24, 01:40:24.582, 8624575992773, vstest.console.dll, CurrentDomainAssemblyResolve: Resolving assembly 'Microsoft.Bcl.AsyncInterfaces'.
TpTrace Information: 0 : 5216, 1, 2022/05/24, 01:40:24.582, 8624575993718, vstest.console.dll, AssemblyResolver.OnResolve: Microsoft.Bcl.AsyncInterfaces: Resolving assembly.
TpTrace Information: 0 : 5216, 1, 2022/05/24, 01:40:24.582, 8624575994189, vstest.console.dll, AssemblyResolver.OnResolve: Microsoft.Bcl.AsyncInterfaces: Resolved from cache.
TpTrace Verbose: 0 : 5216, 1, 2022/05/24, 01:40:24.582, 8624575994499, vstest.console.dll, CurrentDomainAssemblyResolve: Resolving assembly 'Microsoft.Bcl.AsyncInterfaces'.
TpTrace Verbose: 0 : 5216, 1, 2022/05/24, 01:40:24.582, 8624575994987, vstest.console.dll, CurrentDomainAssemblyResolve: Failed to resolve assembly 'Microsoft.Bcl.AsyncInterfaces'.
TpTrace Verbose: 0 : 5216, 1, 2022/05/24, 01:40:24.585, 8624576025051, vstest.console.dll, CurrentDomainAssemblyResolve: Failed to resolve assembly 'Microsoft.Bcl.AsyncInterfaces'.
TpTrace Warning: 0 : 5216, 1, 2022/05/24, 01:40:24.631, 8624576486755, vstest.console.dll, TestPluginDiscoverer: Failed to get types from assembly 'Microsoft.Diagnostics.NETCore.Client, Version=0.2.2.41902, Culture=neutral, PublicKeyToken=31bf3856ad364e35'.  Skipping test extension scan for this assembly.  Error: System.Reflection.ReflectionTypeLoadException: Unable to load one or more of the requested types.
Could not load file or assembly 'Microsoft.Bcl.AsyncInterfaces, Version=1.0.0.0, Culture=neutral, PublicKeyToken=cc7b13ffcd2ddd51'. Не удается найти указанный файл.
   at System.Reflection.RuntimeModule.GetTypes(RuntimeModule module)
   at System.Reflection.RuntimeModule.GetTypes()
   at System.Reflection.Assembly.GetTypes()
   at Microsoft.VisualStudio.TestPlatform.Common.ExtensionFramework.TestPluginDiscoverer.GetTestExtensionsFromAssembly[TPluginInfo,TExtension](Assembly assembly, Dictionary`2 pluginInfos)
System.IO.FileNotFoundException: Could not load file or assembly 'Microsoft.Bcl.AsyncInterfaces, Version=1.0.0.0, Culture=neutral, PublicKeyToken=cc7b13ffcd2ddd51'. Не удается найти указанный файл.
File name: 'Microsoft.Bcl.AsyncInterfaces, Version=1.0.0.0, Culture=neutral, PublicKeyToken=cc7b13ffcd2ddd51'
TpTrace Warning: 0 : 5216, 1, 2022/05/24, 01:40:24.632, 8624576488441, vstest.console.dll, LoaderExceptions: System.IO.FileNotFoundException: Could not load file or assembly 'Microsoft.Bcl.AsyncInterfaces, Version=1.0.0.0, Culture=neutral, PublicKeyToken=cc7b13ffcd2ddd51'. Не удается найти указанный файл.
File name: 'Microsoft.Bcl.AsyncInterfaces, Version=1.0.0.0, Culture=neutral, PublicKeyToken=cc7b13ffcd2ddd51'
TpTrace Information: 0 : 5216, 1, 2022/05/24, 01:40:24.632, 8624576489771, vstest.console.dll, AssemblyResolver.OnResolve: Microsoft.TestPlatform.Extensions.BlameDataCollector: Resolving assembly.
TpTrace Information: 0 : 5216, 1, 2022/05/24, 01:40:24.632, 8624576490196, vstest.console.dll, AssemblyResolver.OnResolve: Microsoft.TestPlatform.Extensions.BlameDataCollector: Searching in: 'C:\Program Files\dotnet\sdk\5.0.300\Extensions'.
TpTrace Information: 0 : 5216, 1, 2022/05/24, 01:40:24.633, 8624576505991, vstest.console.dll, AssemblyResolver.OnResolve: Microsoft.TestPlatform.Extensions.BlameDataCollector: Loading assembly 'C:\Program Files\dotnet\sdk\5.0.300\Extensions\Microsoft.TestPlatform.Extensions.BlameDataCollector.dll'.
TpTrace Information: 0 : 5216, 1, 2022/05/24, 01:40:24.635, 8624576522000, vstest.console.dll, AssemblyResolver.OnResolve: Resolved assembly: Microsoft.TestPlatform.Extensions.BlameDataCollector, from path: C:\Program Files\dotnet\sdk\5.0.300\Extensions\Microsoft.TestPlatform.Extensions.BlameDataCollector.dll
TpTrace Information: 0 : 5216, 1, 2022/05/24, 01:40:24.636, 8624576536746, vstest.console.dll, AssemblyResolver.OnResolve: Microsoft.TestPlatform.Extensions.EventLogCollector: Resolving assembly.
TpTrace Information: 0 : 5216, 1, 2022/05/24, 01:40:24.637, 8624576537871, vstest.console.dll, AssemblyResolver.OnResolve: Microsoft.TestPlatform.Extensions.EventLogCollector: Searching in: 'C:\Program Files\dotnet\sdk\5.0.300\Extensions'.
TpTrace Information: 0 : 5216, 1, 2022/05/24, 01:40:24.638, 8624576548197, vstest.console.dll, AssemblyResolver.OnResolve: Microsoft.TestPlatform.Extensions.EventLogCollector: Loading assembly 'C:\Program Files\dotnet\sdk\5.0.300\Extensions\Microsoft.TestPlatform.Extensions.EventLogCollector.dll'.
TpTrace Information: 0 : 5216, 1, 2022/05/24, 01:40:24.639, 8624576559478, vstest.console.dll, AssemblyResolver.OnResolve: Resolved assembly: Microsoft.TestPlatform.Extensions.EventLogCollector, from path: C:\Program Files\dotnet\sdk\5.0.300\Extensions\Microsoft.TestPlatform.Extensions.EventLogCollector.dll
TpTrace Information: 0 : 5216, 1, 2022/05/24, 01:40:24.643, 8624576600407, vstest.console.dll, AssemblyResolver.OnResolve: Microsoft.TestPlatform.TestHostRuntimeProvider: Resolving assembly.
TpTrace Information: 0 : 5216, 1, 2022/05/24, 01:40:24.643, 8624576601660, vstest.console.dll, AssemblyResolver.OnResolve: Microsoft.TestPlatform.TestHostRuntimeProvider: Searching in: 'C:\Program Files\dotnet\sdk\5.0.300\Extensions'.
TpTrace Information: 0 : 5216, 1, 2022/05/24, 01:40:24.644, 8624576617743, vstest.console.dll, AssemblyResolver.OnResolve: Microsoft.TestPlatform.TestHostRuntimeProvider: Loading assembly 'C:\Program Files\dotnet\sdk\5.0.300\Extensions\Microsoft.TestPlatform.TestHostRuntimeProvider.dll'.
TpTrace Information: 0 : 5216, 1, 2022/05/24, 01:40:24.646, 8624576629149, vstest.console.dll, AssemblyResolver.OnResolve: Resolved assembly: Microsoft.TestPlatform.TestHostRuntimeProvider, from path: C:\Program Files\dotnet\sdk\5.0.300\Extensions\Microsoft.TestPlatform.TestHostRuntimeProvider.dll
TpTrace Information: 0 : 5216, 1, 2022/05/24, 01:40:24.647, 8624576643991, vstest.console.dll, AssemblyResolver.OnResolve: Microsoft.VisualStudio.TestPlatform.Extensions.Html.TestLogger: Resolving assembly.
TpTrace Information: 0 : 5216, 1, 2022/05/24, 01:40:24.647, 8624576645020, vstest.console.dll, AssemblyResolver.OnResolve: Microsoft.VisualStudio.TestPlatform.Extensions.Html.TestLogger: Searching in: 'C:\Program Files\dotnet\sdk\5.0.300\Extensions'.
TpTrace Information: 0 : 5216, 1, 2022/05/24, 01:40:24.648, 8624576656433, vstest.console.dll, AssemblyResolver.OnResolve: Microsoft.VisualStudio.TestPlatform.Extensions.Html.TestLogger: Loading assembly 'C:\Program Files\dotnet\sdk\5.0.300\Extensions\Microsoft.VisualStudio.TestPlatform.Extensions.Html.TestLogger.dll'.
TpTrace Information: 0 : 5216, 1, 2022/05/24, 01:40:24.650, 8624576674296, vstest.console.dll, AssemblyResolver.OnResolve: Resolved assembly: Microsoft.VisualStudio.TestPlatform.Extensions.Html.TestLogger, from path: C:\Program Files\dotnet\sdk\5.0.300\Extensions\Microsoft.VisualStudio.TestPlatform.Extensions.Html.TestLogger.dll
TpTrace Information: 0 : 5216, 1, 2022/05/24, 01:40:24.651, 8624576679017, vstest.console.dll, AssemblyResolver.OnResolve: Microsoft.VisualStudio.TestPlatform.Extensions.Trx.TestLogger: Resolving assembly.
TpTrace Information: 0 : 5216, 1, 2022/05/24, 01:40:24.651, 8624576679648, vstest.console.dll, AssemblyResolver.OnResolve: Microsoft.VisualStudio.TestPlatform.Extensions.Trx.TestLogger: Searching in: 'C:\Program Files\dotnet\sdk\5.0.300\Extensions'.
TpTrace Information: 0 : 5216, 1, 2022/05/24, 01:40:24.652, 8624576695975, vstest.console.dll, AssemblyResolver.OnResolve: Microsoft.VisualStudio.TestPlatform.Extensions.Trx.TestLogger: Loading assembly 'C:\Program Files\dotnet\sdk\5.0.300\Extensions\Microsoft.VisualStudio.TestPlatform.Extensions.Trx.TestLogger.dll'.
TpTrace Information: 0 : 5216, 1, 2022/05/24, 01:40:24.654, 8624576714375, vstest.console.dll, AssemblyResolver.OnResolve: Resolved assembly: Microsoft.VisualStudio.TestPlatform.Extensions.Trx.TestLogger, from path: C:\Program Files\dotnet\sdk\5.0.300\Extensions\Microsoft.VisualStudio.TestPlatform.Extensions.Trx.TestLogger.dll
TpTrace Verbose: 0 : 5216, 1, 2022/05/24, 01:40:24.655, 8624576721441, vstest.console.dll, TestPluginCache: Discovered the extensions using extension path ''.
TpTrace Verbose: 0 : 5216, 1, 2022/05/24, 01:40:24.655, 8624576722209, vstest.console.dll, TestPluginCache: Discoverers are ''.
TpTrace Verbose: 0 : 5216, 1, 2022/05/24, 01:40:24.655, 8624576722481, vstest.console.dll, TestPluginCache: Executors are ''.
TpTrace Verbose: 0 : 5216, 1, 2022/05/24, 01:40:24.655, 8624576722719, vstest.console.dll, TestPluginCache: Executors2 are ''.
TpTrace Verbose: 0 : 5216, 1, 2022/05/24, 01:40:24.655, 8624576722950, vstest.console.dll, TestPluginCache: Setting providers are ''.
TpTrace Verbose: 0 : 5216, 1, 2022/05/24, 01:40:24.655, 8624576723183, vstest.console.dll, TestPluginCache: Loggers are ''.
TpTrace Information: 0 : 5216, 1, 2022/05/24, 01:40:24.661, 8624576784755, vstest.console.dll, RunTestsArgumentProcessor:Execute: Test run is starting.
TpTrace Verbose: 0 : 5216, 1, 2022/05/24, 01:40:24.661, 8624576786370, vstest.console.dll, RunTestsArgumentProcessor:Execute: Queuing Test run.
TpTrace Information: 0 : 5216, 1, 2022/05/24, 01:40:24.662, 8624576788819, vstest.console.dll, TestRequestManager.RunTests: run tests started.
TpTrace Information: 0 : 5216, 1, 2022/05/24, 01:40:24.665, 8624576823208, vstest.console.dll, AssemblyMetadataProvider.GetFrameWork: Determined framework:'.NETCoreApp,Version=v3.1' for source: 'C:\Users\eldar\Desktop\КПиПП\Lab\TestStackToArray\bin\Debug\netcoreapp3.1\fine-code-coverage\build-output\TestStackToArray.dll'
TpTrace Information: 0 : 5216, 1, 2022/05/24, 01:40:24.665, 8624576825577, vstest.console.dll, Determined framework for all sources: .NETCoreApp,Version=v3.1
TpTrace Information: 0 : 5216, 1, 2022/05/24, 01:40:24.666, 8624576832308, vstest.console.dll, AssemblyMetadataProvider.GetArchitecture: Determined architecture:AnyCPU info for assembly: C:\Users\eldar\Desktop\КПиПП\Lab\TestStackToArray\bin\Debug\netcoreapp3.1\fine-code-coverage\build-output\TestStackToArray.dll
TpTrace Information: 0 : 5216, 1, 2022/05/24, 01:40:24.668, 8624576852796, vstest.console.dll, Determined platform for all sources: X64
TpTrace Information: 0 : 5216, 1, 2022/05/24, 01:40:24.671, 8624576879289, vstest.console.dll, Compatible sources list : 
TpTrace Information: 0 : 5216, 1, 2022/05/24, 01:40:24.671, 8624576880711, vstest.console.dll, C:\Users\eldar\Desktop\КПиПП\Lab\TestStackToArray\bin\Debug\netcoreapp3.1\fine-code-coverage\build-output\TestStackToArray.dll
TpTrace Information: 0 : 5216, 1, 2022/05/24, 01:40:24.675, 8624576920475, vstest.console.dll, InferRunSettingsHelper.IsTestSettingsEnabled: Unable to navigate to RunSettings/MSTest. Current node: RunSettings
TpTrace Information: 0 : 5216, 1, 2022/05/24, 01:40:24.676, 8624576928055, vstest.console.dll, AssemblyResolver.OnResolve: Microsoft.VisualStudio.TestPlatform.Fakes: Resolving assembly.
TpTrace Information: 0 : 5216, 1, 2022/05/24, 01:40:24.676, 8624576928965, vstest.console.dll, AssemblyResolver.OnResolve: Microsoft.VisualStudio.TestPlatform.Fakes: Searching in: 'C:\Program Files\dotnet\sdk\5.0.300\Extensions'.
TpTrace Information: 0 : 5216, 1, 2022/05/24, 01:40:24.676, 8624576930578, vstest.console.dll, AssemblyResolver.OnResolve: Microsoft.VisualStudio.TestPlatform.Fakes: Assembly path does not exist: 'C:\Program Files\dotnet\sdk\5.0.300\Extensions\Microsoft.VisualStudio.TestPlatform.Fakes.dll', returning.
TpTrace Information: 0 : 5216, 1, 2022/05/24, 01:40:24.676, 8624576931474, vstest.console.dll, AssemblyResolver.OnResolve: Microsoft.VisualStudio.TestPlatform.Fakes: Assembly path does not exist: 'C:\Program Files\dotnet\sdk\5.0.300\Extensions\Microsoft.VisualStudio.TestPlatform.Fakes.exe', returning.
TpTrace Information: 0 : 5216, 1, 2022/05/24, 01:40:24.676, 8624576931874, vstest.console.dll, AssemblyResolver.OnResolve: Microsoft.VisualStudio.TestPlatform.Fakes: Searching in: 'C:\Program Files\dotnet\sdk\5.0.300'.
TpTrace Information: 0 : 5216, 1, 2022/05/24, 01:40:24.676, 8624576932681, vstest.console.dll, AssemblyResolver.OnResolve: Microsoft.VisualStudio.TestPlatform.Fakes: Assembly path does not exist: 'C:\Program Files\dotnet\sdk\5.0.300\Microsoft.VisualStudio.TestPlatform.Fakes.dll', returning.
TpTrace Information: 0 : 5216, 1, 2022/05/24, 01:40:24.676, 8624576933484, vstest.console.dll, AssemblyResolver.OnResolve: Microsoft.VisualStudio.TestPlatform.Fakes: Assembly path does not exist: 'C:\Program Files\dotnet\sdk\5.0.300\Microsoft.VisualStudio.TestPlatform.Fakes.exe', returning.
TpTrace Information: 0 : 5216, 1, 2022/05/24, 01:40:24.676, 8624576933805, vstest.console.dll, AssemblyResolver.OnResolve: Microsoft.VisualStudio.TestPlatform.Fakes: Failed to load assembly.
TpTrace Information: 0 : 5216, 1, 2022/05/24, 01:40:24.677, 8624576942306, vstest.console.dll, Failed to create newly implemented Fakes Configurator. Reason:System.IO.FileNotFoundException: Could not load file or assembly 'Microsoft.VisualStudio.TestPlatform.Fakes, Version=16.0.0.0, Culture=neutral, PublicKeyToken=null'. Не удается найти указанный файл.
File name: 'Microsoft.VisualStudio.TestPlatform.Fakes, Version=16.0.0.0, Culture=neutral, PublicKeyToken=null'
   at System.Reflection.RuntimeAssembly.InternalLoad(ObjectHandleOnStack assemblyName, ObjectHandleOnStack requestingAssembly, StackCrawlMarkHandle stackMark, Boolean throwOnFileNotFound, ObjectHandleOnStack assemblyLoadContext, ObjectHandleOnStack retAssembly)
   at System.Reflection.RuntimeAssembly.InternalLoad(AssemblyName assemblyName, RuntimeAssembly requestingAssembly, StackCrawlMark& stackMark, Boolean throwOnFileNotFound, AssemblyLoadContext assemblyLoadContext)
   at System.Reflection.Assembly.Load(AssemblyName assemblyRef)
   at Microsoft.VisualStudio.TestPlatform.Common.Utilities.FakesUtilities.TryGetFakesCrossPlatformDataCollectorConfigurator() 
TpTrace Verbose: 0 : 5216, 1, 2022/05/24, 01:40:24.682, 8624576992492, vstest.console.dll, TestPluginCache.DiscoverTestExtensions: finding test extensions in assemblies ends with: TestLogger.dll TPluginInfo: Microsoft.VisualStudio.TestPlatform.Common.ExtensionFramework.Utilities.TestLoggerPluginInformation TExtension: Microsoft.VisualStudio.TestPlatform.ObjectModel.Client.ITestLogger
TpTrace Verbose: 0 : 5216, 1, 2022/05/24, 01:40:24.682, 8624576995012, vstest.console.dll, TestPluginCache.GetExtensionPaths: Filtered extension paths: 
TpTrace Verbose: 0 : 5216, 1, 2022/05/24, 01:40:24.682, 8624576995479, vstest.console.dll, TestPluginCache.GetExtensionPaths: Added default extension paths: C:\Program Files\dotnet\sdk\5.0.300\Extensions\Microsoft.Diagnostics.NETCore.Client.dll
C:\Program Files\dotnet\sdk\5.0.300\Extensions\Microsoft.TestPlatform.Extensions.BlameDataCollector.dll
C:\Program Files\dotnet\sdk\5.0.300\Extensions\Microsoft.TestPlatform.Extensions.EventLogCollector.dll
C:\Program Files\dotnet\sdk\5.0.300\Extensions\Microsoft.TestPlatform.TestHostRuntimeProvider.dll
C:\Program Files\dotnet\sdk\5.0.300\Extensions\Microsoft.VisualStudio.TestPlatform.Extensions.Html.TestLogger.dll
C:\Program Files\dotnet\sdk\5.0.300\Extensions\Microsoft.VisualStudio.TestPlatform.Extensions.Trx.TestLogger.dll
TpTrace Verbose: 0 : 5216, 1, 2022/05/24, 01:40:24.682, 8624576995946, vstest.console.dll, TestPluginCache.GetExtensionPaths: Added unfilterableExtensionPaths: 
TpTrace Information: 0 : 5216, 1, 2022/05/24, 01:40:24.683, 8624576998422, vstest.console.dll, AssemblyResolver.AddSearchDirectories: Adding more searchDirectories C:\Program Files\dotnet\sdk\5.0.300\Extensions,C:\Program Files\dotnet\sdk\5.0.300
TpTrace Verbose: 0 : 5216, 1, 2022/05/24, 01:40:24.683, 8624576998960, vstest.console.dll, TestPluginCache.DiscoverTestExtensions: Discovering the extensions using extension path.
TpTrace Verbose: 0 : 5216, 1, 2022/05/24, 01:40:24.683, 8624576999357, vstest.console.dll, TestPluginCache.GetExtensionPaths: Filtered extension paths: 
TpTrace Verbose: 0 : 5216, 1, 2022/05/24, 01:40:24.683, 8624576999762, vstest.console.dll, TestPluginCache.GetExtensionPaths: Added default extension paths: C:\Program Files\dotnet\sdk\5.0.300\Extensions\Microsoft.Diagnostics.NETCore.Client.dll
C:\Program Files\dotnet\sdk\5.0.300\Extensions\Microsoft.TestPlatform.Extensions.BlameDataCollector.dll
C:\Program Files\dotnet\sdk\5.0.300\Extensions\Microsoft.TestPlatform.Extensions.EventLogCollector.dll
C:\Program Files\dotnet\sdk\5.0.300\Extensions\Microsoft.TestPlatform.TestHostRuntimeProvider.dll
C:\Program Files\dotnet\sdk\5.0.300\Extensions\Microsoft.VisualStudio.TestPlatform.Extensions.Html.TestLogger.dll
C:\Program Files\dotnet\sdk\5.0.300\Extensions\Microsoft.VisualStudio.TestPlatform.Extensions.Trx.TestLogger.dll
TpTrace Verbose: 0 : 5216, 1, 2022/05/24, 01:40:24.683, 8624577000078, vstest.console.dll, TestPluginCache.GetExtensionPaths: Added unfilterableExtensionPaths: 
TpTrace Verbose: 0 : 5216, 1, 2022/05/24, 01:40:24.683, 8624577000444, vstest.console.dll, TestPluginCache.DiscoverTestExtensions: Discovering the extensions using allExtensionPaths: C:\Program Files\dotnet\sdk\5.0.300\Extensions\Microsoft.Diagnostics.NETCore.Client.dll
C:\Program Files\dotnet\sdk\5.0.300\Extensions\Microsoft.TestPlatform.Extensions.BlameDataCollector.dll
C:\Program Files\dotnet\sdk\5.0.300\Extensions\Microsoft.TestPlatform.Extensions.EventLogCollector.dll
C:\Program Files\dotnet\sdk\5.0.300\Extensions\Microsoft.TestPlatform.TestHostRuntimeProvider.dll
C:\Program Files\dotnet\sdk\5.0.300\Extensions\Microsoft.VisualStudio.TestPlatform.Extensions.Html.TestLogger.dll
C:\Program Files\dotnet\sdk\5.0.300\Extensions\Microsoft.VisualStudio.TestPlatform.Extensions.Trx.TestLogger.dll
TpTrace Information: 0 : 5216, 1, 2022/05/24, 01:40:24.683, 8624577000888, vstest.console.dll, AssemblyResolver.AddSearchDirectories: Adding more searchDirectories C:\Program Files\dotnet\sdk\5.0.300\Extensions,C:\Program Files\dotnet\sdk\5.0.300
TpTrace Information: 0 : 5216, 1, 2022/05/24, 01:40:24.683, 8624577001274, vstest.console.dll, AssemblyResolver.AddSearchDirectories: Adding more searchDirectories C:\Program Files\dotnet\sdk\5.0.300\Extensions,C:\Program Files\dotnet\sdk\5.0.300
TpTrace Information: 0 : 5216, 1, 2022/05/24, 01:40:24.683, 8624577001571, vstest.console.dll, AssemblyResolver.AddSearchDirectories: Adding more searchDirectories C:\Program Files\dotnet\sdk\5.0.300\Extensions,C:\Program Files\dotnet\sdk\5.0.300
TpTrace Information: 0 : 5216, 1, 2022/05/24, 01:40:24.683, 8624577001861, vstest.console.dll, AssemblyResolver.AddSearchDirectories: Adding more searchDirectories C:\Program Files\dotnet\sdk\5.0.300\Extensions,C:\Program Files\dotnet\sdk\5.0.300
TpTrace Information: 0 : 5216, 1, 2022/05/24, 01:40:24.683, 8624577002209, vstest.console.dll, AssemblyResolver.AddSearchDirectories: Adding more searchDirectories C:\Program Files\dotnet\sdk\5.0.300\Extensions,C:\Program Files\dotnet\sdk\5.0.300
TpTrace Information: 0 : 5216, 1, 2022/05/24, 01:40:24.683, 8624577002501, vstest.console.dll, AssemblyResolver.AddSearchDirectories: Adding more searchDirectories C:\Program Files\dotnet\sdk\5.0.300\Extensions,C:\Program Files\dotnet\sdk\5.0.300
TpTrace Information: 0 : 5216, 1, 2022/05/24, 01:40:24.683, 8624577006152, vstest.console.dll, AssemblyResolver.OnResolve: Microsoft.Bcl.AsyncInterfaces: Resolving assembly.
TpTrace Information: 0 : 5216, 1, 2022/05/24, 01:40:24.683, 8624577006735, vstest.console.dll, AssemblyResolver.OnResolve: Microsoft.Bcl.AsyncInterfaces: Resolved from cache.
TpTrace Verbose: 0 : 5216, 1, 2022/05/24, 01:40:24.683, 8624577007065, vstest.console.dll, CurrentDomainAssemblyResolve: Resolving assembly 'Microsoft.Bcl.AsyncInterfaces'.
TpTrace Information: 0 : 5216, 1, 2022/05/24, 01:40:24.683, 8624577007771, vstest.console.dll, AssemblyResolver.OnResolve: Microsoft.Bcl.AsyncInterfaces: Resolving assembly.
TpTrace Information: 0 : 5216, 1, 2022/05/24, 01:40:24.684, 8624577008160, vstest.console.dll, AssemblyResolver.OnResolve: Microsoft.Bcl.AsyncInterfaces: Resolved from cache.
TpTrace Verbose: 0 : 5216, 1, 2022/05/24, 01:40:24.684, 8624577008496, vstest.console.dll, CurrentDomainAssemblyResolve: Resolving assembly 'Microsoft.Bcl.AsyncInterfaces'.
TpTrace Verbose: 0 : 5216, 1, 2022/05/24, 01:40:24.684, 8624577008772, vstest.console.dll, CurrentDomainAssemblyResolve: Failed to resolve assembly 'Microsoft.Bcl.AsyncInterfaces'.
TpTrace Verbose: 0 : 5216, 1, 2022/05/24, 01:40:24.684, 8624577010534, vstest.console.dll, CurrentDomainAssemblyResolve: Failed to resolve assembly 'Microsoft.Bcl.AsyncInterfaces'.
TpTrace Warning: 0 : 5216, 1, 2022/05/24, 01:40:24.684, 8624577013821, vstest.console.dll, TestPluginDiscoverer: Failed to get types from assembly 'Microsoft.Diagnostics.NETCore.Client, Version=0.2.2.41902, Culture=neutral, PublicKeyToken=31bf3856ad364e35'.  Skipping test extension scan for this assembly.  Error: System.Reflection.ReflectionTypeLoadException: Unable to load one or more of the requested types.
Could not load file or assembly 'Microsoft.Bcl.AsyncInterfaces, Version=1.0.0.0, Culture=neutral, PublicKeyToken=cc7b13ffcd2ddd51'. Не удается найти указанный файл.
   at System.Reflection.RuntimeModule.GetTypes(RuntimeModule module)
   at System.Reflection.RuntimeModule.GetTypes()
   at System.Reflection.Assembly.GetTypes()
   at Microsoft.VisualStudio.TestPlatform.Common.ExtensionFramework.TestPluginDiscoverer.GetTestExtensionsFromAssembly[TPluginInfo,TExtension](Assembly assembly, Dictionary`2 pluginInfos)
System.IO.FileNotFoundException: Could not load file or assembly 'Microsoft.Bcl.AsyncInterfaces, Version=1.0.0.0, Culture=neutral, PublicKeyToken=cc7b13ffcd2ddd51'. Не удается найти указанный файл.
File name: 'Microsoft.Bcl.AsyncInterfaces, Version=1.0.0.0, Culture=neutral, PublicKeyToken=cc7b13ffcd2ddd51'
TpTrace Warning: 0 : 5216, 1, 2022/05/24, 01:40:24.684, 8624577014397, vstest.console.dll, LoaderExceptions: System.IO.FileNotFoundException: Could not load file or assembly 'Microsoft.Bcl.AsyncInterfaces, Version=1.0.0.0, Culture=neutral, PublicKeyToken=cc7b13ffcd2ddd51'. Не удается найти указанный файл.
File name: 'Microsoft.Bcl.AsyncInterfaces, Version=1.0.0.0, Culture=neutral, PublicKeyToken=cc7b13ffcd2ddd51'
TpTrace Verbose: 0 : 5216, 1, 2022/05/24, 01:40:24.685, 8624577019417, vstest.console.dll, TestPluginCache: Discovered the extensions using extension path ''.
TpTrace Verbose: 0 : 5216, 1, 2022/05/24, 01:40:24.685, 8624577020536, vstest.console.dll, TestPluginCache: Discoverers are ''.
TpTrace Verbose: 0 : 5216, 1, 2022/05/24, 01:40:24.685, 8624577020810, vstest.console.dll, TestPluginCache: Executors are ''.
TpTrace Verbose: 0 : 5216, 1, 2022/05/24, 01:40:24.685, 8624577021058, vstest.console.dll, TestPluginCache: Executors2 are ''.
TpTrace Verbose: 0 : 5216, 1, 2022/05/24, 01:40:24.685, 8624577021406, vstest.console.dll, TestPluginCache: Setting providers are ''.
TpTrace Verbose: 0 : 5216, 1, 2022/05/24, 01:40:24.685, 8624577022396, vstest.console.dll, TestPluginCache: Loggers are 'logger://Microsoft/TestPlatform/Extensions/Blame/v1,logger://Microsoft/TestPlatform/HtmlLogger/v1,logger://Microsoft/TestPlatform/TrxLogger/v1'.
TpTrace Information: 0 : 5216, 1, 2022/05/24, 01:40:24.686, 8624577031993, vstest.console.dll, TestPluginManager.CreateTestExtension: Attempting to load test extension: Microsoft.TestPlatform.Extensions.BlameDataCollector.BlameLogger
TpTrace Information: 0 : 5216, 1, 2022/05/24, 01:40:24.703, 8624577199293, vstest.console.dll, TestPluginManager.CreateTestExtension: Attempting to load test extension: Microsoft.VisualStudio.TestPlatform.CrossPlatEngine.Hosting.DefaultTestHostManager
TpTrace Information: 0 : 5216, 1, 2022/05/24, 01:40:24.704, 8624577212271, vstest.console.dll, TestPluginManager.CreateTestExtension: Attempting to load test extension: Microsoft.VisualStudio.TestPlatform.CrossPlatEngine.Hosting.DotnetTestHostManager
TpTrace Verbose: 0 : 5216, 1, 2022/05/24, 01:40:24.708, 8624577251165, vstest.console.dll, TestEngine: Initializing Parallel Execution as MaxCpuCount is set to: 1
TpTrace Information: 0 : 5216, 1, 2022/05/24, 01:40:24.710, 8624577272293, vstest.console.dll, InferRunSettingsHelper.IsTestSettingsEnabled: Unable to navigate to RunSettings/MSTest. Current node: RunSettings
TpTrace Verbose: 0 : 5216, 1, 2022/05/24, 01:40:24.762, 8624577794005, vstest.console.dll, TestRequestSender is acting as server
TpTrace Verbose: 0 : 5216, 4, 2022/05/24, 01:40:24.767, 8624577845395, vstest.console.dll, DataCollectionRequestSender.InitializeCommunication : Initialize communication. 
TpTrace Information: 0 : 5216, 4, 2022/05/24, 01:40:24.791, 8624578085078, vstest.console.dll, Listening on Endpoint : 127.0.0.1:64724
TpTrace Verbose: 0 : 5216, 4, 2022/05/24, 01:40:24.811, 8624578284268, vstest.console.dll, DotnetDataCollectionLauncher: Full path of dotnet.exe is C:\Program Files\dotnet\dotnet.exe
TpTrace Verbose: 0 : 5216, 4, 2022/05/24, 01:40:24.812, 8624578290481, vstest.console.dll, DotnetDataCollectionLauncher: Adding  --runtimeconfig "C:\Program Files\dotnet\sdk\5.0.300\datacollector.runtimeconfig.json" in args
TpTrace Verbose: 0 : 5216, 4, 2022/05/24, 01:40:24.812, 8624578292616, vstest.console.dll, DotnetDataCollectionLauncher: Adding  --depsfile "C:\Program Files\dotnet\sdk\5.0.300\datacollector.deps.json" in args
TpTrace Information: 0 : 5216, 4, 2022/05/24, 01:40:24.954, 8624579715960, vstest.console.dll, ProxyDataCollectionManager.Initialize: Launched datacollector processId: 25108 port: 64724
TpTrace Information: 0 : 5216, 4, 2022/05/24, 01:40:24.955, 8624579719138, vstest.console.dll, ProxyDataCollectionManager.Initialize: waiting for connection with timeout: 90 seconds
TpTrace Verbose: 0 : 5216, 4, 2022/05/24, 01:40:24.955, 8624579720005, vstest.console.dll, DataCollectionRequestSender.WaitForRequestHandlerConnection : Waiting for connection with timeout: 90000
TpTrace Information: 0 : 5216, 7, 2022/05/24, 01:40:25.392, 8624584095928, vstest.console.dll, Using the buffer size of 16384 bytes
TpTrace Verbose: 0 : 5216, 4, 2022/05/24, 01:40:25.392, 8624584096565, vstest.console.dll, ProxyDataCollectionManager.InvokeDataCollectionServiceAction: Starting.
TpTrace Information: 0 : 5216, 7, 2022/05/24, 01:40:25.392, 8624584097376, vstest.console.dll, Accepted Client request and set the flag
TpTrace Information: 0 : 5216, 4, 2022/05/24, 01:40:25.393, 8624584098553, vstest.console.dll, ProxyDataCollectionManager.BeforeTestRunStart: Get environment variable and port for datacollector processId: 25108 port: 64724
TpTrace Verbose: 0 : 5216, 4, 2022/05/24, 01:40:25.393, 8624584099901, vstest.console.dll, DataCollectionRequestSender.SendBeforeTestRunStartAndGetResult : Send BeforeTestRunStart message with settingsXml <RunSettings><RunConfiguration><ResultsDirectory>C:\Users\eldar\Desktop\КПиПП\Lab\TestStackToArray\bin\Debug\netcoreapp3.1\fine-code-coverage\coverage-tool-output</ResultsDirectory><TargetPlatform>X64</TargetPlatform><TargetFrameworkVersion>.NETCoreApp,Version=v3.1</TargetFrameworkVersion><DesignMode>False</DesignMode><CollectSourceInformation>False</CollectSourceInformation><TestAdaptersPaths>C:\Program Files\dotnet\sdk\5.0.300\Extensions</TestAdaptersPaths></RunConfiguration><LoggerRunSettings><Loggers><Logger friendlyName="blame" enabled="True" /><Logger friendlyName="Console" uri="logger://microsoft/TestPlatform/ConsoleLogger/v1" assemblyQualifiedName="Microsoft.VisualStudio.TestPlatform.CommandLine.Internal.ConsoleLogger, vstest.console, Version=15.0.0.0, Culture=neutral, PublicKeyToken=b03f5f7f11d50a3a" codeBase="C:\Program Files\dotnet\sdk\5.0.300\vstest.console.dll" enabled="True" /></Loggers></LoggerRunSettings><DataCollectionRunSettings><DataCollectors><DataCollector friendlyName="blame" enabled="True"><Configuration><ResultsDirectory>C:\Users\eldar\Desktop\КПиПП\Lab\TestStackToArray\bin\Debug\netcoreapp3.1\fine-code-coverage\coverage-tool-output</ResultsDirectory></Configuration></DataCollector></DataCollectors></DataCollectionRunSettings></RunSettings> and sources System.Linq.Enumerable+Concat2Iterator`1[System.String]: 
TpTrace Verbose: 0 : 5216, 4, 2022/05/24, 01:40:25.555, 8624585724927, vstest.console.dll, DataCollectionRequestSender.SendBeforeTestRunStartAndGetResult : Received message: (DataCollection.SendMessage) -> {
  "FriendlyName": null,
  "Uri": null,
  "TestCaseId": "00000000-0000-0000-0000-000000000000",
  "Message": "Logging DataCollector Diagnostics in file: C:\\Users\\eldar\\Desktop\\КПиПП\\Lab\\TestStackToArray\\bin\\Debug\\netcoreapp3.1\\fine-code-coverage\\coverage-tool-output\\diagnostics.datacollector.22-05-24_01-40-24_80441_4.log",
  "Level": 0
}
TpTrace Information: 0 : 5216, 4, 2022/05/24, 01:40:25.568, 8624585852084, vstest.console.dll, AssemblyResolver.OnResolve: Microsoft.VisualStudio.TestPlatform.Common.resources: Resolving assembly.
TpTrace Information: 0 : 5216, 4, 2022/05/24, 01:40:25.568, 8624585854040, vstest.console.dll, AssemblyResolver.OnResolve: Microsoft.VisualStudio.TestPlatform.Common.resources: Searching in: 'C:\Program Files\dotnet\sdk\5.0.300\Extensions'.
TpTrace Information: 0 : 5216, 4, 2022/05/24, 01:40:25.568, 8624585855405, vstest.console.dll, AssemblyResolver.OnResolve: Microsoft.VisualStudio.TestPlatform.Common.resources: Assembly path does not exist: 'C:\Program Files\dotnet\sdk\5.0.300\Extensions\Microsoft.VisualStudio.TestPlatform.Common.resources.dll', returning.
TpTrace Information: 0 : 5216, 4, 2022/05/24, 01:40:25.568, 8624585856347, vstest.console.dll, AssemblyResolver.OnResolve: Microsoft.VisualStudio.TestPlatform.Common.resources: Assembly path does not exist: 'C:\Program Files\dotnet\sdk\5.0.300\Extensions\Microsoft.VisualStudio.TestPlatform.Common.resources.exe', returning.
TpTrace Information: 0 : 5216, 4, 2022/05/24, 01:40:25.568, 8624585856742, vstest.console.dll, AssemblyResolver.OnResolve: Microsoft.VisualStudio.TestPlatform.Common.resources: Searching in: 'C:\Program Files\dotnet\sdk\5.0.300'.
TpTrace Information: 0 : 5216, 4, 2022/05/24, 01:40:25.568, 8624585857619, vstest.console.dll, AssemblyResolver.OnResolve: Microsoft.VisualStudio.TestPlatform.Common.resources: Assembly path does not exist: 'C:\Program Files\dotnet\sdk\5.0.300\Microsoft.VisualStudio.TestPlatform.Common.resources.dll', returning.
TpTrace Information: 0 : 5216, 4, 2022/05/24, 01:40:25.569, 8624585858511, vstest.console.dll, AssemblyResolver.OnResolve: Microsoft.VisualStudio.TestPlatform.Common.resources: Assembly path does not exist: 'C:\Program Files\dotnet\sdk\5.0.300\Microsoft.VisualStudio.TestPlatform.Common.resources.exe', returning.
TpTrace Information: 0 : 5216, 4, 2022/05/24, 01:40:25.569, 8624585858909, vstest.console.dll, AssemblyResolver.OnResolve: Microsoft.VisualStudio.TestPlatform.Common.resources: Failed to load assembly.
TpTrace Verbose: 0 : 5216, 4, 2022/05/24, 01:40:25.667, 8624586846448, vstest.console.dll, DataCollectionRequestSender.SendBeforeTestRunStartAndGetResult : Received message: (DataCollection.BeforeTestRunStartResult) -> {
  "EnvironmentVariables": {},
  "DataCollectionEventsPort": 64727
}
TpTrace Information: 0 : 5216, 4, 2022/05/24, 01:40:25.673, 8624586905017, vstest.console.dll, ProxyDataCollectionManager.BeforeTestRunStart: SendBeforeTestRunStartAndGetResult successful, env variable from datacollector:   and testhost port: 64727
TpTrace Information: 0 : 5216, 4, 2022/05/24, 01:40:25.673, 8624586907433, vstest.console.dll, ProxyDataCollectionManager.InvokeDataCollectionServiceAction: Completed.
TpTrace Verbose: 0 : 5216, 1, 2022/05/24, 01:40:25.674, 8624586909527, vstest.console.dll, TestRunRequest.ExecuteAsync: Creating test run request.
TpTrace Verbose: 0 : 5216, 1, 2022/05/24, 01:40:25.675, 8624586918068, vstest.console.dll, TestRunRequest.ExecuteAsync: Starting.
TpTrace Information: 0 : 5216, 1, 2022/05/24, 01:40:25.675, 8624586923581, vstest.console.dll, TestRunRequest.ExecuteAsync: Starting run with settings:TestRunCriteria:
   KeepAlive=False,FrequencyOfRunStatsChangeEvent=10,RunStatsChangeEventTimeout=00:00:01.5000000,TestCaseFilter=,TestExecutorLauncher=
   Settingsxml=<RunSettings>
  <RunConfiguration>
    <ResultsDirectory>C:\Users\eldar\Desktop\КПиПП\Lab\TestStackToArray\bin\Debug\netcoreapp3.1\fine-code-coverage\coverage-tool-output</ResultsDirectory>
    <TargetPlatform>X64</TargetPlatform>
    <TargetFrameworkVersion>.NETCoreApp,Version=v3.1</TargetFrameworkVersion>
    <DesignMode>False</DesignMode>
    <CollectSourceInformation>False</CollectSourceInformation>
  </RunConfiguration>
  <LoggerRunSettings>
    <Loggers>
      <Logger friendlyName="blame" enabled="True" />
      <Logger friendlyName="Console" uri="logger://microsoft/TestPlatform/ConsoleLogger/v1" assemblyQualifiedName="Microsoft.VisualStudio.TestPlatform.CommandLine.Internal.ConsoleLogger, vstest.console, Version=15.0.0.0, Culture=neutral, PublicKeyToken=b03f5f7f11d50a3a" codeBase="C:\Program Files\dotnet\sdk\5.0.300\vstest.console.dll" enabled="True" />
    </Loggers>
  </LoggerRunSettings>
  <DataCollectionRunSettings>
    <DataCollectors>
      <DataCollector friendlyName="blame" enabled="True">
        <Configuration>
          <ResultsDirectory>C:\Users\eldar\Desktop\КПиПП\Lab\TestStackToArray\bin\Debug\netcoreapp3.1\fine-code-coverage\coverage-tool-output</ResultsDirectory>
        </Configuration>
      </DataCollector>
    </DataCollectors>
  </DataCollectionRunSettings>
</RunSettings>

TpTrace Verbose: 0 : 5216, 1, 2022/05/24, 01:40:25.675, 8624586924588, vstest.console.dll, TestRunRequest.ExecuteAsync: Wait for the first run request is over.
TpTrace Verbose: 0 : 5216, 1, 2022/05/24, 01:40:25.676, 8624586930104, vstest.console.dll, ParallelProxyExecutionManager: Start execution. Total sources: 1
TpTrace Information: 0 : 5216, 1, 2022/05/24, 01:40:25.676, 8624586937129, vstest.console.dll, ProxyParallelExecutionManager: Triggering test run for next source: C:\Users\eldar\Desktop\КПиПП\Lab\TestStackToArray\bin\Debug\netcoreapp3.1\fine-code-coverage\build-output\TestStackToArray.dll
TpTrace Verbose: 0 : 5216, 6, 2022/05/24, 01:40:25.677, 8624586939576, vstest.console.dll, ParallelProxyExecutionManager: Execution started. Started clients: 1
TpTrace Verbose: 0 : 5216, 1, 2022/05/24, 01:40:25.677, 8624586940261, vstest.console.dll, ProxyParallelExecutionManager: No sources available for execution.
TpTrace Information: 0 : 5216, 1, 2022/05/24, 01:40:25.677, 8624586940906, vstest.console.dll, TestRunRequest.ExecuteAsync: Started.
TpTrace Verbose: 0 : 5216, 1, 2022/05/24, 01:40:25.677, 8624586941710, vstest.console.dll, TestRunRequest.WaitForCompletion: Waiting with timeout -1.
TpTrace Verbose: 0 : 5216, 6, 2022/05/24, 01:40:25.677, 8624586943134, vstest.console.dll, TestRunRequest:SendTestRunMessage: Starting.
TpTrace Information: 0 : 5216, 6, 2022/05/24, 01:40:25.677, 8624586944911, vstest.console.dll, TestRunRequest:SendTestRunMessage: Completed.
TpTrace Verbose: 0 : 5216, 6, 2022/05/24, 01:40:25.677, 8624586947774, vstest.console.dll, ProxyExecutionManager: Test host is always Lazy initialize.
TpTrace Verbose: 0 : 5216, 6, 2022/05/24, 01:40:25.678, 8624586952358, vstest.console.dll, TestRequestSender.InitializeCommunication: initialize communication. 
TpTrace Information: 0 : 5216, 6, 2022/05/24, 01:40:25.679, 8624586962198, vstest.console.dll, SocketServer.Start: Listening on endpoint : 127.0.0.1:64728
TpTrace Verbose: 0 : 5216, 6, 2022/05/24, 01:40:25.680, 8624586975624, vstest.console.dll, DotnetTestHostmanager: Adding  --runtimeconfig "C:\Users\eldar\Desktop\КПиПП\Lab\TestStackToArray\bin\Debug\netcoreapp3.1\fine-code-coverage\build-output\TestStackToArray.runtimeconfig.json" in args
TpTrace Verbose: 0 : 5216, 6, 2022/05/24, 01:40:25.680, 8624586977471, vstest.console.dll, DotnetTestHostmanager: Adding  --depsfile "C:\Users\eldar\Desktop\КПиПП\Lab\TestStackToArray\bin\Debug\netcoreapp3.1\fine-code-coverage\build-output\TestStackToArray.deps.json" in args
TpTrace Information: 0 : 5216, 6, 2022/05/24, 01:40:25.681, 8624586980857, vstest.console.dll, AssemblyResolver.OnResolve: Microsoft.Extensions.DependencyModel: Resolving assembly.
TpTrace Information: 0 : 5216, 6, 2022/05/24, 01:40:25.681, 8624586981736, vstest.console.dll, AssemblyResolver.OnResolve: Microsoft.Extensions.DependencyModel: Searching in: 'C:\Program Files\dotnet\sdk\5.0.300\Extensions'.
TpTrace Information: 0 : 5216, 6, 2022/05/24, 01:40:25.681, 8624586982805, vstest.console.dll, AssemblyResolver.OnResolve: Microsoft.Extensions.DependencyModel: Assembly path does not exist: 'C:\Program Files\dotnet\sdk\5.0.300\Extensions\Microsoft.Extensions.DependencyModel.dll', returning.
TpTrace Information: 0 : 5216, 6, 2022/05/24, 01:40:25.681, 8624586983797, vstest.console.dll, AssemblyResolver.OnResolve: Microsoft.Extensions.DependencyModel: Assembly path does not exist: 'C:\Program Files\dotnet\sdk\5.0.300\Extensions\Microsoft.Extensions.DependencyModel.exe', returning.
TpTrace Information: 0 : 5216, 6, 2022/05/24, 01:40:25.681, 8624586984228, vstest.console.dll, AssemblyResolver.OnResolve: Microsoft.Extensions.DependencyModel: Searching in: 'C:\Program Files\dotnet\sdk\5.0.300'.
TpTrace Information: 0 : 5216, 6, 2022/05/24, 01:40:25.683, 8624586999751, vstest.console.dll, AssemblyResolver.OnResolve: Microsoft.Extensions.DependencyModel: Loading assembly 'C:\Program Files\dotnet\sdk\5.0.300\Microsoft.Extensions.DependencyModel.dll'.
TpTrace Information: 0 : 5216, 6, 2022/05/24, 01:40:25.684, 8624587015397, vstest.console.dll, AssemblyResolver.OnResolve: Resolved assembly: Microsoft.Extensions.DependencyModel, from path: C:\Program Files\dotnet\sdk\5.0.300\Microsoft.Extensions.DependencyModel.dll
TpTrace Verbose: 0 : 5216, 6, 2022/05/24, 01:40:25.685, 8624587024598, vstest.console.dll, DotnetTestHostmanager: Reading file C:\Users\eldar\Desktop\КПиПП\Lab\TestStackToArray\bin\Debug\netcoreapp3.1\fine-code-coverage\build-output\TestStackToArray.deps.json to get path of testhost.dll
TpTrace Verbose: 0 : 5216, 6, 2022/05/24, 01:40:25.741, 8624587587661, vstest.console.dll, DotnetTestHostmanager: Relative path of testhost.dll with respect to package folder is microsoft.testplatform.testhost/16.5.0\lib/netcoreapp2.1/testhost.dll
TpTrace Verbose: 0 : 5216, 6, 2022/05/24, 01:40:25.743, 8624587607569, vstest.console.dll, DotnetTestHostmanager: Looking for path microsoft.testplatform.testhost/16.5.0\lib/netcoreapp2.1/testhost.dll in folder C:\Users\eldar\.dotnet\store\|arch|\|tfm|
TpTrace Verbose: 0 : 5216, 6, 2022/05/24, 01:40:25.744, 8624587612150, vstest.console.dll, DotnetTestHostmanager: Looking for path microsoft.testplatform.testhost/16.5.0\lib/netcoreapp2.1/testhost.dll in folder C:\Users\eldar\.nuget\packages
TpTrace Verbose: 0 : 5216, 6, 2022/05/24, 01:40:25.744, 8624587616245, vstest.console.dll, DotnetTestHostManager: Testhost.exe/testhost.x86.exe found at path: C:\Users\eldar\.nuget\packages\microsoft.testplatform.testhost\16.5.0\build\netcoreapp2.1\x64\testhost.exe
TpTrace Verbose: 0 : 5216, 6, 2022/05/24, 01:40:25.744, 8624587617059, vstest.console.dll, DotnetTestHostmanager: Full path of host exe is C:\Users\eldar\.nuget\packages\microsoft.testplatform.testhost\16.5.0\build\netcoreapp2.1\x64\testhost.exe
TpTrace Verbose: 0 : 5216, 4, 2022/05/24, 01:40:25.747, 8624587639430, vstest.console.dll, DotnetTestHostManager: Starting process 'C:\Users\eldar\.nuget\packages\microsoft.testplatform.testhost\16.5.0\build\netcoreapp2.1\x64\testhost.exe' with command line ' --runtimeconfig "C:\Users\eldar\Desktop\КПиПП\Lab\TestStackToArray\bin\Debug\netcoreapp3.1\fine-code-coverage\build-output\TestStackToArray.runtimeconfig.json" --depsfile "C:\Users\eldar\Desktop\КПиПП\Lab\TestStackToArray\bin\Debug\netcoreapp3.1\fine-code-coverage\build-output\TestStackToArray.deps.json" --port 64728 --endpoint 127.0.0.1:064728 --role client --parentprocessid 5216 --diag "C:\Users\eldar\Desktop\КПиПП\Lab\TestStackToArray\bin\Debug\netcoreapp3.1\fine-code-coverage\coverage-tool-output\diagnostics.host.22-05-24_01-40-25_68020_6.log" --tracelevel 4 --datacollectionport 64727 --telemetryoptedin false'
TpTrace Verbose: 0 : 5216, 4, 2022/05/24, 01:40:25.892, 8624589097218, vstest.console.dll, Test Runtime launched
TpTrace Verbose: 0 : 5216, 6, 2022/05/24, 01:40:25.893, 8624589106774, vstest.console.dll, TestRequestSender.WaitForRequestHandlerConnection: waiting for connection with timeout: 90000
TpTrace Verbose: 0 : 5216, 4, 2022/05/24, 01:40:26.340, 8624593577688, vstest.console.dll, SocketServer.OnClientConnected: Client connected for endPoint: 127.0.0.1:64728, starting MessageLoopAsync:
TpTrace Verbose: 0 : 5216, 14, 2022/05/24, 01:40:26.341, 8624593581723, vstest.console.dll, TcpClientExtensions.MessageLoopAsync: Polling on remoteEndPoint: 127.0.0.1:64729 localEndPoint: 127.0.0.1:64728
TpTrace Verbose: 0 : 5216, 14, 2022/05/24, 01:40:26.580, 8624595977517, vstest.console.dll, TcpClientExtensions.MessageLoopAsync: NotifyDataAvailable remoteEndPoint: 127.0.0.1:64729 localEndPoint: 127.0.0.1:64728
TpTrace Verbose: 0 : 5216, 14, 2022/05/24, 01:40:26.581, 8624595981555, vstest.console.dll, TestRequestSender.CheckVersionWithTestHost: onMessageReceived received message: (ProtocolVersion) -> 2
TpTrace Verbose: 0 : 5216, 14, 2022/05/24, 01:40:26.581, 8624595986750, vstest.console.dll, TcpClientExtensions.MessageLoopAsync: Polling on remoteEndPoint: 127.0.0.1:64729 localEndPoint: 127.0.0.1:64728
TpTrace Verbose: 0 : 5216, 6, 2022/05/24, 01:40:26.582, 8624595989937, vstest.console.dll, TestPluginCache.GetExtensionPaths: Filtered extension paths: 
TpTrace Verbose: 0 : 5216, 6, 2022/05/24, 01:40:26.582, 8624595990966, vstest.console.dll, TestPluginCache.GetExtensionPaths: Added default extension paths: C:\Program Files\dotnet\sdk\5.0.300\Extensions\Microsoft.Diagnostics.NETCore.Client.dll
C:\Program Files\dotnet\sdk\5.0.300\Extensions\Microsoft.TestPlatform.Extensions.BlameDataCollector.dll
C:\Program Files\dotnet\sdk\5.0.300\Extensions\Microsoft.TestPlatform.Extensions.EventLogCollector.dll
C:\Program Files\dotnet\sdk\5.0.300\Extensions\Microsoft.TestPlatform.TestHostRuntimeProvider.dll
C:\Program Files\dotnet\sdk\5.0.300\Extensions\Microsoft.VisualStudio.TestPlatform.Extensions.Html.TestLogger.dll
C:\Program Files\dotnet\sdk\5.0.300\Extensions\Microsoft.VisualStudio.TestPlatform.Extensions.Trx.TestLogger.dll
TpTrace Verbose: 0 : 5216, 6, 2022/05/24, 01:40:26.582, 8624595991510, vstest.console.dll, TestPluginCache.GetExtensionPaths: Added unfilterableExtensionPaths: 
TpTrace Verbose: 0 : 5216, 6, 2022/05/24, 01:40:26.589, 8624596063021, vstest.console.dll, TestRequestSender.InitializeExecution: Sending initializing execution with message: {"Version":2,"MessageType":"TestExecution.Initialize","Payload":["C:\\Users\\eldar\\Desktop\\КПиПП\\Lab\\TestStackToArray\\bin\\Debug\\netcoreapp3.1\\fine-code-coverage\\build-output\\NUnit3.TestAdapter.dll"]}
TpTrace Verbose: 0 : 5216, 6, 2022/05/24, 01:40:26.604, 8624596209392, vstest.console.dll, TestRequestSender.StartTestRun: Sending test run with message: {"Version":2,"MessageType":"TestExecution.StartWithSources","Payload":{"AdapterSourceMap":{"_none_":["C:\\Users\\eldar\\Desktop\\КПиПП\\Lab\\TestStackToArray\\bin\\Debug\\netcoreapp3.1\\fine-code-coverage\\build-output\\TestStackToArray.dll"]},"RunSettings":"<RunSettings>\r\n  <RunConfiguration>\r\n    <ResultsDirectory>C:\\Users\\eldar\\Desktop\\КПиПП\\Lab\\TestStackToArray\\bin\\Debug\\netcoreapp3.1\\fine-code-coverage\\coverage-tool-output</ResultsDirectory>\r\n    <TargetPlatform>X64</TargetPlatform>\r\n    <TargetFrameworkVersion>.NETCoreApp,Version=v3.1</TargetFrameworkVersion>\r\n    <DesignMode>False</DesignMode>\r\n    <CollectSourceInformation>False</CollectSourceInformation>\r\n  </RunConfiguration>\r\n  <LoggerRunSettings>\r\n    <Loggers>\r\n      <Logger friendlyName=\"blame\" enabled=\"True\" />\r\n      <Logger friendlyName=\"Console\" uri=\"logger://microsoft/TestPlatform/ConsoleLogger/v1\" assemblyQualifiedName=\"Microsoft.VisualStudio.TestPlatform.CommandLine.Internal.ConsoleLogger, vstest.console, Version=15.0.0.0, Culture=neutral, PublicKeyToken=b03f5f7f11d50a3a\" codeBase=\"C:\\Program Files\\dotnet\\sdk\\5.0.300\\vstest.console.dll\" enabled=\"True\" />\r\n    </Loggers>\r\n  </LoggerRunSettings>\r\n  <DataCollectionRunSettings>\r\n    <DataCollectors>\r\n      <DataCollector friendlyName=\"blame\" enabled=\"True\">\r\n        <Configuration>\r\n          <ResultsDirectory>C:\\Users\\eldar\\Desktop\\КПиПП\\Lab\\TestStackToArray\\bin\\Debug\\netcoreapp3.1\\fine-code-coverage\\coverage-tool-output</ResultsDirectory>\r\n        </Configuration>\r\n      </DataCollector>\r\n    </DataCollectors>\r\n  </DataCollectionRunSettings>\r\n</RunSettings>","TestExecutionContext":{"FrequencyOfRunStatsChangeEvent":10,"RunStatsChangeEventTimeout":"00:00:01.5000000","InIsolation":false,"KeepAlive":false,"AreTestCaseLevelEventsRequired":false,"IsDebug":false,"TestCaseFilter":null,"FilterOptions":null},"Package":null}}
TpTrace Verbose: 0 : 5216, 14, 2022/05/24, 01:40:26.633, 8624596507237, vstest.console.dll, TcpClientExtensions.MessageLoopAsync: NotifyDataAvailable remoteEndPoint: 127.0.0.1:64729 localEndPoint: 127.0.0.1:64728
TpTrace Verbose: 0 : 5216, 14, 2022/05/24, 01:40:26.634, 8624596509906, vstest.console.dll, TestRequestSender.OnExecutionMessageReceived: Received message: {"Version":2,"MessageType":"TestSession.Message","Payload":{"MessageLevel":0,"Message":"Ведение журналов диагностики TestHost в файле: C:\\Users\\eldar\\Desktop\\КПиПП\\Lab\\TestStackToArray\\bin\\Debug\\netcoreapp3.1\\fine-code-coverage\\coverage-tool-output\\diagnostics.host.22-05-24_01-40-25_68020_6.log"}}
TpTrace Verbose: 0 : 5216, 14, 2022/05/24, 01:40:26.637, 8624596543563, vstest.console.dll, TestRunRequest:SendTestRunMessage: Starting.
TpTrace Information: 0 : 5216, 14, 2022/05/24, 01:40:26.637, 8624596546896, vstest.console.dll, TestRunRequest:SendTestRunMessage: Completed.
TpTrace Verbose: 0 : 5216, 14, 2022/05/24, 01:40:26.638, 8624596548200, vstest.console.dll, TcpClientExtensions.MessageLoopAsync: Polling on remoteEndPoint: 127.0.0.1:64729 localEndPoint: 127.0.0.1:64728
TpTrace Verbose: 0 : 5216, 14, 2022/05/24, 01:40:26.913, 8624599298199, vstest.console.dll, TcpClientExtensions.MessageLoopAsync: NotifyDataAvailable remoteEndPoint: 127.0.0.1:64729 localEndPoint: 127.0.0.1:64728
TpTrace Verbose: 0 : 5216, 14, 2022/05/24, 01:40:26.913, 8624599300245, vstest.console.dll, TestRequestSender.OnExecutionMessageReceived: Received message: {"Version":2,"MessageType":"TestSession.Message","Payload":{"MessageLevel":0,"Message":"NUnit Adapter 3.16.1.0: Test execution started"}}
TpTrace Verbose: 0 : 5216, 14, 2022/05/24, 01:40:26.913, 8624599304220, vstest.console.dll, TestRunRequest:SendTestRunMessage: Starting.
TpTrace Information: 0 : 5216, 14, 2022/05/24, 01:40:26.913, 8624599305687, vstest.console.dll, TestRunRequest:SendTestRunMessage: Completed.
TpTrace Verbose: 0 : 5216, 14, 2022/05/24, 01:40:26.913, 8624599306213, vstest.console.dll, TcpClientExtensions.MessageLoopAsync: Polling on remoteEndPoint: 127.0.0.1:64729 localEndPoint: 127.0.0.1:64728
TpTrace Verbose: 0 : 5216, 14, 2022/05/24, 01:40:26.923, 8624599404320, vstest.console.dll, TcpClientExtensions.MessageLoopAsync: NotifyDataAvailable remoteEndPoint: 127.0.0.1:64729 localEndPoint: 127.0.0.1:64728
TpTrace Verbose: 0 : 5216, 14, 2022/05/24, 01:40:26.923, 8624599406355, vstest.console.dll, TestRequestSender.OnExecutionMessageReceived: Received message: {"Version":2,"MessageType":"TestSession.Message","Payload":{"MessageLevel":0,"Message":"Running all tests in C:\\Users\\eldar\\Desktop\\КПиПП\\Lab\\TestStackToArray\\bin\\Debug\\netcoreapp3.1\\fine-code-coverage\\build-output\\TestStackToArray.dll"}}
TpTrace Verbose: 0 : 5216, 14, 2022/05/24, 01:40:26.924, 8624599408761, vstest.console.dll, TestRunRequest:SendTestRunMessage: Starting.
TpTrace Information: 0 : 5216, 14, 2022/05/24, 01:40:26.924, 8624599409433, vstest.console.dll, TestRunRequest:SendTestRunMessage: Completed.
TpTrace Verbose: 0 : 5216, 14, 2022/05/24, 01:40:26.924, 8624599409802, vstest.console.dll, TcpClientExtensions.MessageLoopAsync: Polling on remoteEndPoint: 127.0.0.1:64729 localEndPoint: 127.0.0.1:64728
TpTrace Verbose: 0 : 5216, 14, 2022/05/24, 01:40:27.216, 8624602333957, vstest.console.dll, TcpClientExtensions.MessageLoopAsync: NotifyDataAvailable remoteEndPoint: 127.0.0.1:64729 localEndPoint: 127.0.0.1:64728
TpTrace Verbose: 0 : 5216, 14, 2022/05/24, 01:40:27.216, 8624602335572, vstest.console.dll, TestRequestSender.OnExecutionMessageReceived: Received message: {"Version":2,"MessageType":"TestSession.Message","Payload":{"MessageLevel":0,"Message":"   NUnit3TestExecutor converted 14 of 14 NUnit test cases"}}
TpTrace Verbose: 0 : 5216, 14, 2022/05/24, 01:40:27.216, 8624602337581, vstest.console.dll, TestRunRequest:SendTestRunMessage: Starting.
TpTrace Information: 0 : 5216, 14, 2022/05/24, 01:40:27.217, 8624602338141, vstest.console.dll, TestRunRequest:SendTestRunMessage: Completed.
TpTrace Verbose: 0 : 5216, 14, 2022/05/24, 01:40:27.217, 8624602338438, vstest.console.dll, TcpClientExtensions.MessageLoopAsync: Polling on remoteEndPoint: 127.0.0.1:64729 localEndPoint: 127.0.0.1:64728
TpTrace Verbose: 0 : 5216, 14, 2022/05/24, 01:40:27.530, 8624605475593, vstest.console.dll, TcpClientExtensions.MessageLoopAsync: NotifyDataAvailable remoteEndPoint: 127.0.0.1:64729 localEndPoint: 127.0.0.1:64728
TpTrace Verbose: 0 : 5216, 14, 2022/05/24, 01:40:27.531, 8624605478668, vstest.console.dll, TestRequestSender.OnExecutionMessageReceived: Received message: {"Version":2,"MessageType":"TestExecution.StatsChange","Payload":{"NewTestResults":[{"TestCase":{"Id":"aab67249-1306-4857-267c-458531512bc7","FullyQualifiedName":"Lab.Tests.TestClear","DisplayName":"TestClear","ExecutorUri":"executor://NUnit3TestExecutor","Source":"C:\\Users\\eldar\\Desktop\\КПиПП\\Lab\\TestStackToArray\\bin\\Debug\\netcoreapp3.1\\fine-code-coverage\\build-output\\TestStackToArray.dll","CodeFilePath":null,"LineNumber":0,"Properties":[]},"Attachments":[],"Outcome":1,"ErrorMessage":null,"ErrorStackTrace":null,"DisplayName":"TestClear","Messages":[],"ComputerName":"ELDAR","Duration":"00:00:00.0197309","StartTime":"2022-05-23T22:40:27+00:00","EndTime":"2022-05-23T22:40:27+00:00","Properties":[]},{"TestCase":{"Id":"36f4a020-af37-9f43-d28b-e0ce33a4dc5e","FullyQualifiedName":"Lab.Tests.TestContains(False,7)","DisplayName":"TestContains(False,7)","ExecutorUri":"executor://NUnit3TestExecutor","Source":"C:\\Users\\eldar\\Desktop\\КПиПП\\Lab\\TestStackToArray\\bin\\Debug\\netcoreapp3.1\\fine-code-coverage\\build-output\\TestStackToArray.dll","CodeFilePath":null,"LineNumber":0,"Properties":[]},"Attachments":[],"Outcome":1,"ErrorMessage":null,"ErrorStackTrace":null,"DisplayName":"TestContains(False,7)","Messages":[],"ComputerName":"ELDAR","Duration":"00:00:00.0061100","StartTime":"2022-05-23T22:40:27+00:00","EndTime":"2022-05-23T22:40:27+00:00","Properties":[]},{"TestCase":{"Id":"3f4c9ab4-1cd6-098a-1c1c-17ef577346e8","FullyQualifiedName":"Lab.Tests.TestContains(True,2,1,2,3)","DisplayName":"TestContains(True,2,1,2,3)","ExecutorUri":"executor://NUnit3TestExecutor","Source":"C:\\Users\\eldar\\Desktop\\КПиПП\\Lab\\TestStackToArray\\bin\\Debug\\netcoreapp3.1\\fine-code-coverage\\build-output\\TestStackToArray.dll","CodeFilePath":null,"LineNumber":0,"Properties":[]},"Attachments":[],"Outcome":1,"ErrorMessage":null,"ErrorStackTrace":null,"DisplayName":"TestContains(True,2,1,2,3)","Messages":[],"ComputerName":"ELDAR","Duration":"00:00:00.0006179","StartTime":"2022-05-23T22:40:27+00:00","EndTime":"2022-05-23T22:40:27+00:00","Properties":[]},{"TestCase":{"Id":"4814a00e-b43c-56e4-69b4-0822a351f736","FullyQualifiedName":"Lab.Tests.TestContains(False,7,1,2,3)","DisplayName":"TestContains(False,7,1,2,3)","ExecutorUri":"executor://NUnit3TestExecutor","Source":"C:\\Users\\eldar\\Desktop\\КПиПП\\Lab\\TestStackToArray\\bin\\Debug\\netcoreapp3.1\\fine-code-coverage\\build-output\\TestStackToArray.dll","CodeFilePath":null,"LineNumber":0,"Properties":[]},"Attachments":[],"Outcome":1,"ErrorMessage":null,"ErrorStackTrace":null,"DisplayName":"TestContains(False,7,1,2,3)","Messages":[],"ComputerName":"ELDAR","Duration":"00:00:00.0001450","StartTime":"2022-05-23T22:40:27+00:00","EndTime":"2022-05-23T22:40:27+00:00","Properties":[]},{"TestCase":{"Id":"519c57c8-75e0-f4ab-bdbd-6d7e3e956542","FullyQualifiedName":"Lab.Tests.TestPeek(1,1)","DisplayName":"TestPeek(1,1)","ExecutorUri":"executor://NUnit3TestExecutor","Source":"C:\\Users\\eldar\\Desktop\\КПиПП\\Lab\\TestStackToArray\\bin\\Debug\\netcoreapp3.1\\fine-code-coverage\\build-output\\TestStackToArray.dll","CodeFilePath":null,"LineNumber":0,"Properties":[]},"Attachments":[],"Outcome":1,"ErrorMessage":null,"ErrorStackTrace":null,"DisplayName":"TestPeek(1,1)","Messages":[],"ComputerName":"ELDAR","Duration":"00:00:00.0020770","StartTime":"2022-05-23T22:40:27+00:00","EndTime":"2022-05-23T22:40:27+00:00","Properties":[]},{"TestCase":{"Id":"755ad5b8-923b-6800-14b6-e98f8f32744b","FullyQualifiedName":"Lab.Tests.TestPeek(4,7,4)","DisplayName":"TestPeek(4,7,4)","ExecutorUri":"executor://NUnit3TestExecutor","Source":"C:\\Users\\eldar\\Desktop\\КПиПП\\Lab\\TestStackToArray\\bin\\Debug\\netcoreapp3.1\\fine-code-coverage\\build-output\\TestStackToArray.dll","CodeFilePath":null,"LineNumber":0,"Properties":[]},"Attachments":[],"Outcome":1,"ErrorMessage":null,"ErrorStackTrace":null,"DisplayName":"TestPeek(4,7,4)","Messages":[],"ComputerName":"ELDAR","Duration":"00:00:00.0001710","StartTime":"2022-05-23T22:40:27+00:00","EndTime":"2022-05-23T22:40:27+00:00","Properties":[]},{"TestCase":{"Id":"e94f4917-0aaf-b0ed-33b9-6d9db5ee5b8e","FullyQualifiedName":"Lab.Tests.TestPeek(-23,1,2,3,4,-23)","DisplayName":"TestPeek(-23,1,2,3,4,-23)","ExecutorUri":"executor://NUnit3TestExecutor","Source":"C:\\Users\\eldar\\Desktop\\КПиПП\\Lab\\TestStackToArray\\bin\\Debug\\netcoreapp3.1\\fine-code-coverage\\build-output\\TestStackToArray.dll","CodeFilePath":null,"LineNumber":0,"Properties":[]},"Attachments":[],"Outcome":1,"ErrorMessage":null,"ErrorStackTrace":null,"DisplayName":"TestPeek(-23,1,2,3,4,-23)","Messages":[],"ComputerName":"ELDAR","Duration":"00:00:00.0000550","StartTime":"2022-05-23T22:40:27+00:00","EndTime":"2022-05-23T22:40:27+00:00","Properties":[]},{"TestCase":{"Id":"93fca98a-ed60-0dfe-cfd4-fbed72c1e0a9","FullyQualifiedName":"Lab.Tests.TestPeekEmptyStack","DisplayName":"TestPeekEmptyStack","ExecutorUri":"executor://NUnit3TestExecutor","Source":"C:\\Users\\eldar\\Desktop\\КПиПП\\Lab\\TestStackToArray\\bin\\Debug\\netcoreapp3.1\\fine-code-coverage\\build-output\\TestStackToArray.dll","CodeFilePath":null,"LineNumber":0,"Properties":[]},"Attachments":[],"Outcome":1,"ErrorMessage":null,"ErrorStackTrace":null,"DisplayName":"TestPeekEmptyStack","Messages":[],"ComputerName":"ELDAR","Duration":"00:00:00.0268550","StartTime":"2022-05-23T22:40:27+00:00","EndTime":"2022-05-23T22:40:27+00:00","Properties":[]},{"TestCase":{"Id":"2e1dabb9-4f8a-4e10-3f42-e9ec8477e5db","FullyQualifiedName":"Lab.Tests.TestPeekNoRemove","DisplayName":"TestPeekNoRemove","ExecutorUri":"executor://NUnit3TestExecutor","Source":"C:\\Users\\eldar\\Desktop\\КПиПП\\Lab\\TestStackToArray\\bin\\Debug\\netcoreapp3.1\\fine-code-coverage\\build-output\\TestStackToArray.dll","CodeFilePath":null,"LineNumber":0,"Properties":[]},"Attachments":[],"Outcome":1,"ErrorMessage":null,"ErrorStackTrace":null,"DisplayName":"TestPeekNoRemove","Messages":[],"ComputerName":"ELDAR","Duration":"00:00:00.0005640","StartTime":"2022-05-23T22:40:27+00:00","EndTime":"2022-05-23T22:40:27+00:00","Properties":[]}],"TestRunStatistics":{"ExecutedTests":9,"Stats":{"Passed":9}},"ActiveTests":[{"Id":"774f016d-6b6a-87c7-fbad-04bf7d26ad18","FullyQualifiedName":"Lab.Tests.TestPop(1,1)","DisplayName":"TestPop(1,1)","ExecutorUri":"executor://NUnit3TestExecutor","Source":"C:\\Users\\eldar\\Desktop\\КПиПП\\Lab\\TestStackToArray\\bin\\Debug\\netcoreapp3.1\\fine-code-coverage\\build-output\\TestStackToArray.dll","CodeFilePath":null,"LineNumber":0,"Properties":[]}]}}
TpTrace Verbose: 0 : 5216, 14, 2022/05/24, 01:40:27.576, 8624605933974, vstest.console.dll, TestRunRequest:SendTestRunStatsChange: Starting.
TpTrace Verbose: 0 : 5216, 14, 2022/05/24, 01:40:27.576, 8624605936655, vstest.console.dll, InProgress is TestPop(1,1)
TpTrace Information: 0 : 5216, 14, 2022/05/24, 01:40:27.577, 8624605941011, vstest.console.dll, TestRunRequest:SendTestRunStatsChange: Completed.
TpTrace Verbose: 0 : 5216, 14, 2022/05/24, 01:40:27.577, 8624605942053, vstest.console.dll, TcpClientExtensions.MessageLoopAsync: Polling on remoteEndPoint: 127.0.0.1:64729 localEndPoint: 127.0.0.1:64728
TpTrace Verbose: 0 : 5216, 14, 2022/05/24, 01:40:27.577, 8624605942860, vstest.console.dll, TcpClientExtensions.MessageLoopAsync: NotifyDataAvailable remoteEndPoint: 127.0.0.1:64729 localEndPoint: 127.0.0.1:64728
TpTrace Verbose: 0 : 5216, 14, 2022/05/24, 01:40:27.577, 8624605943776, vstest.console.dll, TestRequestSender.OnExecutionMessageReceived: Received message: {"Version":2,"MessageType":"TestSession.Message","Payload":{"MessageLevel":0,"Message":"NUnit Adapter 3.16.1.0: Test execution complete"}}
TpTrace Verbose: 0 : 5216, 14, 2022/05/24, 01:40:27.577, 8624605946493, vstest.console.dll, TestRunRequest:SendTestRunMessage: Starting.
TpTrace Information: 0 : 5216, 14, 2022/05/24, 01:40:27.577, 8624605947595, vstest.console.dll, TestRunRequest:SendTestRunMessage: Completed.
TpTrace Verbose: 0 : 5216, 14, 2022/05/24, 01:40:27.578, 8624605948043, vstest.console.dll, TcpClientExtensions.MessageLoopAsync: Polling on remoteEndPoint: 127.0.0.1:64729 localEndPoint: 127.0.0.1:64728
TpTrace Verbose: 0 : 5216, 14, 2022/05/24, 01:40:27.596, 8624606137107, vstest.console.dll, TcpClientExtensions.MessageLoopAsync: NotifyDataAvailable remoteEndPoint: 127.0.0.1:64729 localEndPoint: 127.0.0.1:64728
TpTrace Verbose: 0 : 5216, 14, 2022/05/24, 01:40:27.597, 8624606139583, vstest.console.dll, TestRequestSender.OnExecutionMessageReceived: Received message: {"Version":2,"MessageType":"TestExecution.Completed","Payload":{"TestRunCompleteArgs":{"TestRunStatistics":{"ExecutedTests":14,"Stats":{"Passed":14}},"IsCanceled":false,"IsAborted":false,"Error":null,"AttachmentSets":[],"ElapsedTimeInRunningTests":"00:00:00.6938423","Metrics":{}},"LastRunTests":{"NewTestResults":[{"TestCase":{"Id":"774f016d-6b6a-87c7-fbad-04bf7d26ad18","FullyQualifiedName":"Lab.Tests.TestPop(1,1)","DisplayName":"TestPop(1,1)","ExecutorUri":"executor://NUnit3TestExecutor","Source":"C:\\Users\\eldar\\Desktop\\КПиПП\\Lab\\TestStackToArray\\bin\\Debug\\netcoreapp3.1\\fine-code-coverage\\build-output\\TestStackToArray.dll","CodeFilePath":null,"LineNumber":0,"Properties":[]},"Attachments":[],"Outcome":1,"ErrorMessage":null,"ErrorStackTrace":null,"DisplayName":"TestPop(1,1)","Messages":[],"ComputerName":"ELDAR","Duration":"00:00:00.0010510","StartTime":"2022-05-23T22:40:27+00:00","EndTime":"2022-05-23T22:40:27+00:00","Properties":[]},{"TestCase":{"Id":"926e23df-5eb7-9f6f-0e91-239b52c073a4","FullyQualifiedName":"Lab.Tests.TestPop(4,7,4)","DisplayName":"TestPop(4,7,4)","ExecutorUri":"executor://NUnit3TestExecutor","Source":"C:\\Users\\eldar\\Desktop\\КПиПП\\Lab\\TestStackToArray\\bin\\Debug\\netcoreapp3.1\\fine-code-coverage\\build-output\\TestStackToArray.dll","CodeFilePath":null,"LineNumber":0,"Properties":[]},"Attachments":[],"Outcome":1,"ErrorMessage":null,"ErrorStackTrace":null,"DisplayName":"TestPop(4,7,4)","Messages":[],"ComputerName":"ELDAR","Duration":"00:00:00.0003070","StartTime":"2022-05-23T22:40:27+00:00","EndTime":"2022-05-23T22:40:27+00:00","Properties":[]},{"TestCase":{"Id":"918196bf-688e-74dd-3770-822ee0810209","FullyQualifiedName":"Lab.Tests.TestPop(-23,1,2,3,4,-23)","DisplayName":"TestPop(-23,1,2,3,4,-23)","ExecutorUri":"executor://NUnit3TestExecutor","Source":"C:\\Users\\eldar\\Desktop\\КПиПП\\Lab\\TestStackToArray\\bin\\Debug\\netcoreapp3.1\\fine-code-coverage\\build-output\\TestStackToArray.dll","CodeFilePath":null,"LineNumber":0,"Properties":[]},"Attachments":[],"Outcome":1,"ErrorMessage":null,"ErrorStackTrace":null,"DisplayName":"TestPop(-23,1,2,3,4,-23)","Messages":[],"ComputerName":"ELDAR","Duration":"00:00:00.0000680","StartTime":"2022-05-23T22:40:27+00:00","EndTime":"2022-05-23T22:40:27+00:00","Properties":[]},{"TestCase":{"Id":"e94cf435-cf70-1e0a-b906-beca12b41b84","FullyQualifiedName":"Lab.Tests.TestPopEmptyStack","DisplayName":"TestPopEmptyStack","ExecutorUri":"executor://NUnit3TestExecutor","Source":"C:\\Users\\eldar\\Desktop\\КПиПП\\Lab\\TestStackToArray\\bin\\Debug\\netcoreapp3.1\\fine-code-coverage\\build-output\\TestStackToArray.dll","CodeFilePath":null,"LineNumber":0,"Properties":[]},"Attachments":[],"Outcome":1,"ErrorMessage":null,"ErrorStackTrace":null,"DisplayName":"TestPopEmptyStack","Messages":[],"ComputerName":"ELDAR","Duration":"00:00:00.0012539","StartTime":"2022-05-23T22:40:27+00:00","EndTime":"2022-05-23T22:40:27+00:00","Properties":[]},{"TestCase":{"Id":"29d1434d-ff21-68f9-7065-e4032bd57145","FullyQualifiedName":"Lab.Tests.TestPopRemove","DisplayName":"TestPopRemove","ExecutorUri":"executor://NUnit3TestExecutor","Source":"C:\\Users\\eldar\\Desktop\\КПиПП\\Lab\\TestStackToArray\\bin\\Debug\\netcoreapp3.1\\fine-code-coverage\\build-output\\TestStackToArray.dll","CodeFilePath":null,"LineNumber":0,"Properties":[]},"Attachments":[],"Outcome":1,"ErrorMessage":null,"ErrorStackTrace":null,"DisplayName":"TestPopRemove","Messages":[],"ComputerName":"ELDAR","Duration":"00:00:00.0006130","StartTime":"2022-05-23T22:40:27+00:00","EndTime":"2022-05-23T22:40:27+00:00","Properties":[]}],"TestRunStatistics":{"ExecutedTests":14,"Stats":{"Passed":14}},"ActiveTests":[]},"RunAttachments":[],"ExecutorUris":["executor://nunit3testexecutor/"]}}
TpTrace Verbose: 0 : 5216, 14, 2022/05/24, 01:40:27.597, 8624606143833, vstest.console.dll, TestRequestSender.EndSession: Sending end session.
TpTrace Verbose: 0 : 5216, 14, 2022/05/24, 01:40:27.597, 8624606145229, vstest.console.dll, ProxyOperationManager.Close: waiting for test host to exit for 100 ms
TpTrace Warning: 0 : 5216, 12, 2022/05/24, 01:40:27.637, 8624606543951, vstest.console.dll, TestHostManagerCallbacks.ErrorReceivedCallback Test host standard error line: 
TpTrace Verbose: 0 : 5216, 7, 2022/05/24, 01:40:27.645, 8624606622739, vstest.console.dll, TestHostProvider.ExitCallBack: Host exited starting callback.
TpTrace Information: 0 : 5216, 7, 2022/05/24, 01:40:27.646, 8624606629313, vstest.console.dll, TestHostManagerCallbacks.ExitCallBack: Testhost processId: 14724 exited with exitcode: 0 error: ''
TpTrace Verbose: 0 : 5216, 7, 2022/05/24, 01:40:27.646, 8624606629887, vstest.console.dll, DotnetTestHostManager.OnHostExited: invoking OnHostExited callback
TpTrace Verbose: 0 : 5216, 7, 2022/05/24, 01:40:27.646, 8624606630537, vstest.console.dll, CrossPlatEngine.TestHostManagerHostExited: calling on client process exit callback.
TpTrace Information: 0 : 5216, 7, 2022/05/24, 01:40:27.646, 8624606631153, vstest.console.dll, TestRequestSender.OnClientProcessExit: Test host process exited. Standard error: 
TpTrace Warning: 0 : 5216, 14, 2022/05/24, 01:40:27.646, 8624606631155, vstest.console.dll, ProxyOperationManager: Timed out waiting for test host to exit. Will terminate process.
TpTrace Information: 0 : 5216, 7, 2022/05/24, 01:40:27.646, 8624606631730, vstest.console.dll, SocketServer.Stop: Stop server endPoint: 127.0.0.1:64728
TpTrace Information: 0 : 5216, 7, 2022/05/24, 01:40:27.646, 8624606632460, vstest.console.dll, SocketServer.Stop: Cancellation requested. Stopping message loop.
TpTrace Verbose: 0 : 5216, 14, 2022/05/24, 01:40:27.647, 8624606639695, vstest.console.dll, ProxyDataCollectionManager.InvokeDataCollectionServiceAction: Starting.
TpTrace Information: 0 : 5216, 14, 2022/05/24, 01:40:27.647, 8624606640270, vstest.console.dll, ProxyDataCollectionManager.AfterTestRunEnd: Get attachment set for datacollector processId: 25108 port: 64724
TpTrace Verbose: 0 : 5216, 14, 2022/05/24, 01:40:27.647, 8624606640817, vstest.console.dll, DataCollectionRequestSender.SendAfterTestRunStartAndGetResult : Send AfterTestRunEnd message with isCancelled: False
TpTrace Verbose: 0 : 5216, 14, 2022/05/24, 01:40:27.652, 8624606691926, vstest.console.dll, DataCollectionRequestSender.SendAfterTestRunStartAndGetResult : Received message: (DataCollection.AfterTestRunEndResult) -> {
  "AttachmentSets": [],
  "Metrics": {}
}
TpTrace Information: 0 : 5216, 14, 2022/05/24, 01:40:27.656, 8624606732827, vstest.console.dll, ProxyDataCollectionManager.InvokeDataCollectionServiceAction: Completed.
TpTrace Warning: 0 : 5216, 9, 2022/05/24, 01:40:27.660, 8624606767908, vstest.console.dll, DataCollectionLauncher.ErrorReceivedCallback datacollector standard error line: 
TpTrace Information: 0 : 5216, 7, 2022/05/24, 01:40:27.666, 8624606832215, vstest.console.dll, DataCollectionLauncher.ExitCallBack: Data collector exited with exitcode: 0 error: ''
TpTrace Verbose: 0 : 5216, 14, 2022/05/24, 01:40:27.699, 8624607159572, vstest.console.dll, TestRunRequest:SendTestRunStatsChange: Starting.
TpTrace Information: 0 : 5216, 14, 2022/05/24, 01:40:27.699, 8624607162188, vstest.console.dll, TestRunRequest:SendTestRunStatsChange: Completed.
TpTrace Verbose: 0 : 5216, 14, 2022/05/24, 01:40:27.699, 8624607165459, vstest.console.dll, ParallelProxyExecutionManager: HandlePartialRunComplete: Total completed clients = 1, Run complete = True, Run canceled: False.
TpTrace Verbose: 0 : 5216, 14, 2022/05/24, 01:40:27.735, 8624607522318, vstest.console.dll, TestRunRequest:TestRunComplete: Starting. IsAborted:False IsCanceled:False.
TpTrace Verbose: 0 : 5216, 14, 2022/05/24, 01:40:27.735, 8624607525021, vstest.console.dll, TestLoggerManager.HandleTestRunComplete: Ignoring as the object is disposed.
TpTrace Information: 0 : 5216, 14, 2022/05/24, 01:40:27.736, 8624607529295, vstest.console.dll, TestRunRequest:TestRunComplete: Completed.
TpTrace Verbose: 0 : 5216, 1, 2022/05/24, 01:40:27.736, 8624607529771, vstest.console.dll, TestRunRequest.Dispose: Starting.
TpTrace Verbose: 0 : 5216, 14, 2022/05/24, 01:40:27.736, 8624607530166, vstest.console.dll, TestRequestSender.SetOperationComplete: Setting operation complete.
TpTrace Information: 0 : 5216, 1, 2022/05/24, 01:40:27.736, 8624607530945, vstest.console.dll, TestRunRequest.Dispose: Completed.
TpTrace Information: 0 : 5216, 14, 2022/05/24, 01:40:27.736, 8624607531248, vstest.console.dll, SocketServer.Stop: Stop server endPoint: 127.0.0.1:64728
TpTrace Information: 0 : 5216, 1, 2022/05/24, 01:40:27.736, 8624607531673, vstest.console.dll, TestRequestManager.RunTests: run tests completed.
TpTrace Information: 0 : 5216, 14, 2022/05/24, 01:40:27.736, 8624607531962, vstest.console.dll, SocketServer.Stop: Cancellation requested. Stopping message loop.
TpTrace Information: 0 : 5216, 14, 2022/05/24, 01:40:27.736, 8624607532907, vstest.console.dll, SocketServer.PrivateStop: Stop server endPoint: 127.0.0.1:64728 error: 
TpTrace Information: 0 : 5216, 1, 2022/05/24, 01:40:27.736, 8624607532933, vstest.console.dll, RunTestsArgumentProcessor:Execute: Test run is completed.
TpTrace Verbose: 0 : 5216, 1, 2022/05/24, 01:40:27.736, 8624607535594, vstest.console.dll, Executor.Execute: Exiting with exit code of 0
TpTrace Verbose: 0 : 5216, 14, 2022/05/24, 01:40:27.737, 8624607540277, vstest.console.dll, LengthPrefixCommunicationChannel.Dispose: Dispose reader and writer.
TpTrace Information: 0 : 5216, 14, 2022/05/24, 01:40:27.737, 8624607541764, vstest.console.dll, SocketServer.Stop: Raise disconnected event endPoint: 127.0.0.1:64728 error: 
